1123 [restartedMain] INFO  c.e.pokemon.PokemonApplication - Starting PokemonApplication on LAPTOP-N0BBULQP with PID 19716 (D:\dev\pokemon\target\classes started by mofol in D:\dev\pokemon)
1170 [restartedMain] INFO  c.e.pokemon.PokemonApplication - No active profile set, falling back to default profiles: default
9854 [restartedMain] INFO  c.e.pokemon.PokemonApplication - Started PokemonApplication in 9.292 seconds (JVM running for 10.28)
1009 [restartedMain] INFO  c.e.pokemon.PokemonApplication - Starting PokemonApplication on LAPTOP-N0BBULQP with PID 20780 (D:\dev\pokemon\target\classes started by mofol in D:\dev\pokemon)
1019 [restartedMain] INFO  c.e.pokemon.PokemonApplication - No active profile set, falling back to default profiles: default
9269 [restartedMain] INFO  c.e.pokemon.PokemonApplication - Started PokemonApplication in 8.753 seconds (JVM running for 9.712)
1244 [restartedMain] INFO  c.e.pokemon.PokemonApplication - Starting PokemonApplication on LAPTOP-N0BBULQP with PID 19820 (D:\dev\pokemon\target\classes started by mofol in D:\dev\pokemon)
1255 [restartedMain] INFO  c.e.pokemon.PokemonApplication - No active profile set, falling back to default profiles: default
9066 [restartedMain] INFO  c.e.pokemon.PokemonApplication - Started PokemonApplication in 8.533 seconds (JVM running for 9.561)
1074 [restartedMain] INFO  c.e.pokemon.PokemonApplication - Starting PokemonApplication on LAPTOP-N0BBULQP with PID 20752 (D:\dev\pokemon\target\classes started by mofol in D:\dev\pokemon)
1085 [restartedMain] INFO  c.e.pokemon.PokemonApplication - No active profile set, falling back to default profiles: default
9134 [restartedMain] INFO  c.e.pokemon.PokemonApplication - Started PokemonApplication in 8.563 seconds (JVM running for 9.559)
940  [restartedMain] INFO  c.e.pokemon.PokemonApplication - Starting PokemonApplication on LAPTOP-N0BBULQP with PID 14040 (D:\dev\pokemon\target\classes started by mofol in D:\dev\pokemon)
950  [restartedMain] INFO  c.e.pokemon.PokemonApplication - No active profile set, falling back to default profiles: default
8404 [restartedMain] INFO  c.e.pokemon.PokemonApplication - Started PokemonApplication in 7.884 seconds (JVM running for 8.862)
947  [restartedMain] INFO  c.e.pokemon.PokemonApplication - Starting PokemonApplication on LAPTOP-N0BBULQP with PID 10316 (D:\dev\pokemon\target\classes started by mofol in D:\dev\pokemon)
958  [restartedMain] INFO  c.e.pokemon.PokemonApplication - No active profile set, falling back to default profiles: default
9012 [restartedMain] INFO  c.e.pokemon.PokemonApplication - Started PokemonApplication in 8.48 seconds (JVM running for 9.573)
937  [restartedMain] INFO  c.e.pokemon.PokemonApplication - Starting PokemonApplication on LAPTOP-N0BBULQP with PID 2124 (D:\dev\pokemon\target\classes started by mofol in D:\dev\pokemon)
948  [restartedMain] INFO  c.e.pokemon.PokemonApplication - No active profile set, falling back to default profiles: default
8573 [restartedMain] INFO  c.e.pokemon.PokemonApplication - Started PokemonApplication in 8.071 seconds (JVM running for 9.052)
910  [restartedMain] INFO  c.e.pokemon.PokemonApplication - Starting PokemonApplication on LAPTOP-N0BBULQP with PID 24920 (D:\dev\pokemon\target\classes started by mofol in D:\dev\pokemon)
921  [restartedMain] INFO  c.e.pokemon.PokemonApplication - No active profile set, falling back to default profiles: default
8743 [restartedMain] INFO  c.e.pokemon.PokemonApplication - Started PokemonApplication in 8.282 seconds (JVM running for 9.233)
976  [restartedMain] INFO  c.e.pokemon.PokemonApplication - Starting PokemonApplication on LAPTOP-N0BBULQP with PID 24356 (D:\dev\pokemon\target\classes started by mofol in D:\dev\pokemon)
988  [restartedMain] INFO  c.e.pokemon.PokemonApplication - No active profile set, falling back to default profiles: default
8649 [restartedMain] INFO  c.e.pokemon.PokemonApplication - Started PokemonApplication in 8.15 seconds (JVM running for 9.106)
931  [restartedMain] INFO  c.e.pokemon.PokemonApplication - Starting PokemonApplication on LAPTOP-N0BBULQP with PID 15556 (D:\dev\pokemon\target\classes started by mofol in D:\dev\pokemon)
941  [restartedMain] INFO  c.e.pokemon.PokemonApplication - No active profile set, falling back to default profiles: default
9572 [restartedMain] INFO  c.e.pokemon.PokemonApplication - Started PokemonApplication in 9.071 seconds (JVM running for 9.941)
910  [restartedMain] INFO  c.e.pokemon.PokemonApplication - Starting PokemonApplication on LAPTOP-N0BBULQP with PID 19848 (D:\dev\pokemon\target\classes started by mofol in D:\dev\pokemon)
920  [restartedMain] INFO  c.e.pokemon.PokemonApplication - No active profile set, falling back to default profiles: default
10001 [restartedMain] INFO  c.e.pokemon.PokemonApplication - Started PokemonApplication in 9.546 seconds (JVM running for 10.426)
1086 [restartedMain] INFO  c.e.pokemon.PokemonApplication - Starting PokemonApplication on LAPTOP-N0BBULQP with PID 19236 (D:\dev\pokemon\target\classes started by mofol in D:\dev\pokemon)
1097 [restartedMain] INFO  c.e.pokemon.PokemonApplication - No active profile set, falling back to default profiles: default
8937 [restartedMain] INFO  c.e.pokemon.PokemonApplication - Started PokemonApplication in 8.41 seconds (JVM running for 9.352)
1010 [restartedMain] INFO  c.e.pokemon.PokemonApplication - Starting PokemonApplication on LAPTOP-N0BBULQP with PID 15892 (D:\dev\pokemon\target\classes started by mofol in D:\dev\pokemon)
1021 [restartedMain] INFO  c.e.pokemon.PokemonApplication - No active profile set, falling back to default profiles: default
8834 [restartedMain] INFO  c.e.pokemon.PokemonApplication - Started PokemonApplication in 8.292 seconds (JVM running for 9.281)
920  [restartedMain] INFO  c.e.pokemon.PokemonApplication - Starting PokemonApplication on LAPTOP-N0BBULQP with PID 23532 (D:\dev\pokemon\target\classes started by mofol in D:\dev\pokemon)
930  [restartedMain] INFO  c.e.pokemon.PokemonApplication - No active profile set, falling back to default profiles: default
8632 [restartedMain] INFO  c.e.pokemon.PokemonApplication - Started PokemonApplication in 8.145 seconds (JVM running for 9.065)
1042 [restartedMain] INFO  c.e.pokemon.PokemonApplication - Starting PokemonApplication on LAPTOP-N0BBULQP with PID 15404 (D:\dev\pokemon\target\classes started by mofol in D:\dev\pokemon)
1053 [restartedMain] INFO  c.e.pokemon.PokemonApplication - No active profile set, falling back to default profiles: default
8723 [restartedMain] INFO  c.e.pokemon.PokemonApplication - Started PokemonApplication in 8.128 seconds (JVM running for 9.245)
924  [restartedMain] INFO  c.e.pokemon.PokemonApplication - Starting PokemonApplication on LAPTOP-N0BBULQP with PID 23488 (D:\dev\pokemon\target\classes started by mofol in D:\dev\pokemon)
934  [restartedMain] INFO  c.e.pokemon.PokemonApplication - No active profile set, falling back to default profiles: default
8637 [restartedMain] INFO  c.e.pokemon.PokemonApplication - Started PokemonApplication in 8.142 seconds (JVM running for 9.045)
1042 [restartedMain] INFO  c.e.pokemon.PokemonApplication - Starting PokemonApplication on LAPTOP-N0BBULQP with PID 784 (D:\dev\pokemon\target\classes started by mofol in D:\dev\pokemon)
1054 [restartedMain] INFO  c.e.pokemon.PokemonApplication - No active profile set, falling back to default profiles: default
8974 [restartedMain] INFO  c.e.pokemon.PokemonApplication - Started PokemonApplication in 8.38 seconds (JVM running for 9.491)
1046 [restartedMain] INFO  c.e.pokemon.PokemonApplication - Starting PokemonApplication on LAPTOP-N0BBULQP with PID 1772 (D:\dev\pokemon\target\classes started by mofol in D:\dev\pokemon)
1059 [restartedMain] INFO  c.e.pokemon.PokemonApplication - No active profile set, falling back to default profiles: default
8637 [restartedMain] INFO  c.e.pokemon.PokemonApplication - Started PokemonApplication in 8.073 seconds (JVM running for 9.103)
977  [restartedMain] INFO  c.e.pokemon.PokemonApplication - Starting PokemonApplication on LAPTOP-N0BBULQP with PID 2084 (D:\dev\pokemon\target\classes started by mofol in D:\dev\pokemon)
986  [restartedMain] INFO  c.e.pokemon.PokemonApplication - No active profile set, falling back to default profiles: default
8975 [restartedMain] INFO  c.e.pokemon.PokemonApplication - Started PokemonApplication in 8.49 seconds (JVM running for 9.375)
935  [restartedMain] INFO  c.e.pokemon.PokemonApplication - Starting PokemonApplication on LAPTOP-N0BBULQP with PID 12576 (D:\dev\pokemon\target\classes started by mofol in D:\dev\pokemon)
945  [restartedMain] INFO  c.e.pokemon.PokemonApplication - No active profile set, falling back to default profiles: default
9672 [restartedMain] INFO  c.e.pokemon.PokemonApplication - Started PokemonApplication in 9.172 seconds (JVM running for 10.141)
1103 [restartedMain] INFO  c.e.pokemon.PokemonApplication - Starting PokemonApplication on LAPTOP-N0BBULQP with PID 20700 (D:\dev\pokemon\target\classes started by mofol in D:\dev\pokemon)
1114 [restartedMain] INFO  c.e.pokemon.PokemonApplication - No active profile set, falling back to default profiles: default
10664 [restartedMain] INFO  c.e.pokemon.PokemonApplication - Started PokemonApplication in 10.029 seconds (JVM running for 11.148)
1875 [restartedMain] INFO  c.e.pokemon.PokemonApplication - Starting PokemonApplication on LAPTOP-N0BBULQP with PID 4900 (D:\dev\pokemon\target\classes started by mofol in D:\dev\pokemon)
1927 [restartedMain] INFO  c.e.pokemon.PokemonApplication - No active profile set, falling back to default profiles: default
12897 [restartedMain] INFO  c.e.pokemon.PokemonApplication - Started PokemonApplication in 11.795 seconds (JVM running for 13.341)
1759 [restartedMain] INFO  c.e.pokemon.PokemonApplication - Starting PokemonApplication on LAPTOP-N0BBULQP with PID 21988 (D:\dev\pokemon\target\classes started by mofol in D:\dev\pokemon)
1778 [restartedMain] INFO  c.e.pokemon.PokemonApplication - No active profile set, falling back to default profiles: default
13382 [restartedMain] INFO  c.e.pokemon.PokemonApplication - Started PokemonApplication in 12.414 seconds (JVM running for 14.264)
1768 [restartedMain] INFO  c.e.pokemon.PokemonApplication - Starting PokemonApplication on LAPTOP-N0BBULQP with PID 24776 (D:\dev\pokemon\target\classes started by mofol in D:\dev\pokemon)
1787 [restartedMain] INFO  c.e.pokemon.PokemonApplication - No active profile set, falling back to default profiles: default
14085 [restartedMain] INFO  c.e.pokemon.PokemonApplication - Started PokemonApplication in 13.104 seconds (JVM running for 15.006)
1732 [restartedMain] INFO  c.e.pokemon.PokemonApplication - Starting PokemonApplication on LAPTOP-N0BBULQP with PID 17596 (D:\dev\pokemon\target\classes started by mofol in D:\dev\pokemon)
1750 [restartedMain] INFO  c.e.pokemon.PokemonApplication - No active profile set, falling back to default profiles: default
14126 [restartedMain] INFO  c.e.pokemon.PokemonApplication - Started PokemonApplication in 13.211 seconds (JVM running for 15.005)
1795 [restartedMain] INFO  c.e.pokemon.PokemonApplication - Starting PokemonApplication on LAPTOP-N0BBULQP with PID 22680 (D:\dev\pokemon\target\classes started by mofol in D:\dev\pokemon)
1811 [restartedMain] INFO  c.e.pokemon.PokemonApplication - No active profile set, falling back to default profiles: default
14266 [restartedMain] INFO  c.e.pokemon.PokemonApplication - Started PokemonApplication in 13.286 seconds (JVM running for 15.133)
1523 [restartedMain] INFO  c.e.pokemon.PokemonApplication - Starting PokemonApplication on LAPTOP-N0BBULQP with PID 14996 (D:\dev\pokemon\target\classes started by mofol in D:\dev\pokemon)
1534 [restartedMain] INFO  c.e.pokemon.PokemonApplication - No active profile set, falling back to default profiles: default
12619 [restartedMain] INFO  c.e.pokemon.PokemonApplication - Started PokemonApplication in 11.57 seconds (JVM running for 13.474)
1694 [restartedMain] INFO  c.e.pokemon.PokemonApplication - Starting PokemonApplication on LAPTOP-N0BBULQP with PID 25212 (D:\dev\pokemon\target\classes started by mofol in D:\dev\pokemon)
1714 [restartedMain] INFO  c.e.pokemon.PokemonApplication - No active profile set, falling back to default profiles: default
12762 [restartedMain] INFO  c.e.pokemon.PokemonApplication - Started PokemonApplication in 11.866 seconds (JVM running for 13.645)
1710 [restartedMain] INFO  c.e.pokemon.PokemonApplication - Starting PokemonApplication on LAPTOP-N0BBULQP with PID 22964 (D:\dev\pokemon\target\classes started by mofol in D:\dev\pokemon)
1728 [restartedMain] INFO  c.e.pokemon.PokemonApplication - No active profile set, falling back to default profiles: default
13833 [restartedMain] INFO  c.e.pokemon.PokemonApplication - Started PokemonApplication in 12.932 seconds (JVM running for 14.982)
1749 [restartedMain] INFO  c.e.pokemon.PokemonApplication - Starting PokemonApplication on LAPTOP-N0BBULQP with PID 22664 (D:\dev\pokemon\target\classes started by mofol in D:\dev\pokemon)
1767 [restartedMain] INFO  c.e.pokemon.PokemonApplication - No active profile set, falling back to default profiles: default
13824 [restartedMain] INFO  c.e.pokemon.PokemonApplication - Started PokemonApplication in 12.876 seconds (JVM running for 14.733)
1702 [restartedMain] INFO  c.e.pokemon.PokemonApplication - Starting PokemonApplication on LAPTOP-N0BBULQP with PID 280 (D:\dev\pokemon\target\classes started by mofol in D:\dev\pokemon)
1711 [restartedMain] INFO  c.e.pokemon.PokemonApplication - No active profile set, falling back to default profiles: default
14213 [restartedMain] INFO  c.e.pokemon.PokemonApplication - Started PokemonApplication in 13.33 seconds (JVM running for 15.106)
1833 [restartedMain] INFO  c.e.pokemon.PokemonApplication - Starting PokemonApplication on LAPTOP-N0BBULQP with PID 15596 (D:\dev\pokemon\target\classes started by mofol in D:\dev\pokemon)
1856 [restartedMain] INFO  c.e.pokemon.PokemonApplication - No active profile set, falling back to default profiles: default
14837 [restartedMain] INFO  c.e.pokemon.PokemonApplication - Started PokemonApplication in 13.896 seconds (JVM running for 15.722)
1744 [restartedMain] INFO  c.e.pokemon.PokemonApplication - Starting PokemonApplication on LAPTOP-N0BBULQP with PID 24324 (D:\dev\pokemon\target\classes started by mofol in D:\dev\pokemon)
1763 [restartedMain] INFO  c.e.pokemon.PokemonApplication - No active profile set, falling back to default profiles: default
14230 [restartedMain] INFO  c.e.pokemon.PokemonApplication - Started PokemonApplication in 13.292 seconds (JVM running for 15.321)
125254 [restartedMain] INFO  c.e.pokemon.PokemonApplication - Starting PokemonApplication on LAPTOP-N0BBULQP with PID 24324 (D:\dev\pokemon\target\classes started by mofol in D:\dev\pokemon)
125255 [restartedMain] INFO  c.e.pokemon.PokemonApplication - No active profile set, falling back to default profiles: default
129407 [restartedMain] INFO  c.e.pokemon.PokemonApplication - Starting PokemonApplication on LAPTOP-N0BBULQP with PID 24324 (D:\dev\pokemon\target\classes started by mofol in D:\dev\pokemon)
129408 [restartedMain] INFO  c.e.pokemon.PokemonApplication - No active profile set, falling back to default profiles: default
135660 [restartedMain] INFO  c.e.pokemon.PokemonApplication - Started PokemonApplication in 6.419 seconds (JVM running for 136.751)
1849 [restartedMain] INFO  c.e.pokemon.PokemonApplication - Starting PokemonApplication on LAPTOP-N0BBULQP with PID 24796 (D:\dev\pokemon\target\classes started by mofol in D:\dev\pokemon)
1870 [restartedMain] INFO  c.e.pokemon.PokemonApplication - No active profile set, falling back to default profiles: default
14490 [restartedMain] INFO  c.e.pokemon.PokemonApplication - Started PokemonApplication in 13.476 seconds (JVM running for 15.506)
35558 [Ehcache [_default_]-0] INFO  c.e.pokemon.config.CacheLogger - Key: snubbull | EventType: CREATED | Old value: null | New value: [com.example.pokemon.entities.Pokemon@6b9351be]
2120 [restartedMain] INFO  c.e.pokemon.PokemonApplication - Starting PokemonApplication on LAPTOP-N0BBULQP with PID 17808 (D:\dev\pokemon\target\classes started by mofol in D:\dev\pokemon)
2139 [restartedMain] INFO  c.e.pokemon.PokemonApplication - No active profile set, falling back to default profiles: default
15438 [restartedMain] INFO  c.e.pokemon.PokemonApplication - Started PokemonApplication in 14.293 seconds (JVM running for 16.645)
1840 [restartedMain] INFO  c.e.pokemon.PokemonApplication - Starting PokemonApplication on LAPTOP-N0BBULQP with PID 24072 (D:\dev\pokemon\target\classes started by mofol in D:\dev\pokemon)
1846 [restartedMain] INFO  c.e.pokemon.PokemonApplication - No active profile set, falling back to default profiles: default
14003 [restartedMain] INFO  c.e.pokemon.PokemonApplication - Started PokemonApplication in 12.982 seconds (JVM running for 14.991)
29428 [Ehcache [_default_]-0] INFO  c.e.pokemon.config.CacheLogger - Key: unown | EventType: CREATED | Old value: null | New value: [com.example.pokemon.entities.Pokemon@4214f6fc]
29969 [Ehcache [_default_]-0] INFO  c.e.pokemon.config.CacheLogger - Key: wobbuffet | EventType: CREATED | Old value: null | New value: [com.example.pokemon.entities.Pokemon@77350531]
31510 [Ehcache [_default_]-0] INFO  c.e.pokemon.config.CacheLogger - Key: girafarig | EventType: CREATED | Old value: null | New value: [com.example.pokemon.entities.Pokemon@1f56bce3]
34708 [Ehcache [_default_]-0] INFO  c.e.pokemon.config.CacheLogger - Key: pineco | EventType: CREATED | Old value: null | New value: [com.example.pokemon.entities.Pokemon@3b172d7e]
36203 [Ehcache [_default_]-0] INFO  c.e.pokemon.config.CacheLogger - Key: forretress | EventType: CREATED | Old value: null | New value: [com.example.pokemon.entities.Pokemon@78a17a78]
38412 [Ehcache [_default_]-0] INFO  c.e.pokemon.config.CacheLogger - Key: dunsparce | EventType: CREATED | Old value: null | New value: [com.example.pokemon.entities.Pokemon@9a06de]
39803 [Ehcache [_default_]-0] INFO  c.e.pokemon.config.CacheLogger - Key: gligar | EventType: CREATED | Old value: null | New value: [com.example.pokemon.entities.Pokemon@53041b24]
41362 [Ehcache [_default_]-0] INFO  c.e.pokemon.config.CacheLogger - Key: steelix | EventType: CREATED | Old value: null | New value: [com.example.pokemon.entities.Pokemon@68979c38]
41883 [Ehcache [_default_]-0] INFO  c.e.pokemon.config.CacheLogger - Key: snubbull | EventType: CREATED | Old value: null | New value: [com.example.pokemon.entities.Pokemon@2e83ac8f]
43180 [Ehcache [_default_]-0] INFO  c.e.pokemon.config.CacheLogger - Key: granbull | EventType: CREATED | Old value: null | New value: [com.example.pokemon.entities.Pokemon@350b115f]
43693 [Ehcache [_default_]-0] INFO  c.e.pokemon.config.CacheLogger - Key: qwilfish | EventType: CREATED | Old value: null | New value: [com.example.pokemon.entities.Pokemon@354c7f53]
45116 [Ehcache [_default_]-0] INFO  c.e.pokemon.config.CacheLogger - Key: scizor | EventType: CREATED | Old value: null | New value: [com.example.pokemon.entities.Pokemon@71d2f001]
46536 [Ehcache [_default_]-0] INFO  c.e.pokemon.config.CacheLogger - Key: shuckle | EventType: CREATED | Old value: null | New value: [com.example.pokemon.entities.Pokemon@6a0925fb]
48046 [Ehcache [_default_]-0] INFO  c.e.pokemon.config.CacheLogger - Key: heracross | EventType: CREATED | Old value: null | New value: [com.example.pokemon.entities.Pokemon@4b2d3466]
49372 [Ehcache [_default_]-0] INFO  c.e.pokemon.config.CacheLogger - Key: sneasel | EventType: CREATED | Old value: null | New value: [com.example.pokemon.entities.Pokemon@3fdf1263]
50787 [Ehcache [_default_]-0] INFO  c.e.pokemon.config.CacheLogger - Key: teddiursa | EventType: CREATED | Old value: null | New value: [com.example.pokemon.entities.Pokemon@2cb4bbbb]
52149 [Ehcache [_default_]-0] INFO  c.e.pokemon.config.CacheLogger - Key: ursaring | EventType: CREATED | Old value: null | New value: [com.example.pokemon.entities.Pokemon@738c804f]
53438 [Ehcache [_default_]-0] INFO  c.e.pokemon.config.CacheLogger - Key: slugma | EventType: CREATED | Old value: null | New value: [com.example.pokemon.entities.Pokemon@10eab36a]
54633 [Ehcache [_default_]-0] INFO  c.e.pokemon.config.CacheLogger - Key: magcargo | EventType: CREATED | Old value: null | New value: [com.example.pokemon.entities.Pokemon@4926c382]
55958 [Ehcache [_default_]-0] INFO  c.e.pokemon.config.CacheLogger - Key: swinub | EventType: CREATED | Old value: null | New value: [com.example.pokemon.entities.Pokemon@593bc391]
57468 [Ehcache [_default_]-0] INFO  c.e.pokemon.config.CacheLogger - Key: piloswine | EventType: CREATED | Old value: null | New value: [com.example.pokemon.entities.Pokemon@633d5fcb]
58884 [Ehcache [_default_]-0] INFO  c.e.pokemon.config.CacheLogger - Key: corsola | EventType: CREATED | Old value: null | New value: [com.example.pokemon.entities.Pokemon@140339d4]
60130 [Ehcache [_default_]-0] INFO  c.e.pokemon.config.CacheLogger - Key: remoraid | EventType: CREATED | Old value: null | New value: [com.example.pokemon.entities.Pokemon@2362ef26]
61580 [Ehcache [_default_]-0] INFO  c.e.pokemon.config.CacheLogger - Key: octillery | EventType: CREATED | Old value: null | New value: [com.example.pokemon.entities.Pokemon@5ebb41bd]
63108 [Ehcache [_default_]-0] INFO  c.e.pokemon.config.CacheLogger - Key: delibird | EventType: CREATED | Old value: null | New value: [com.example.pokemon.entities.Pokemon@21347bd2]
64417 [Ehcache [_default_]-0] INFO  c.e.pokemon.config.CacheLogger - Key: mantine | EventType: CREATED | Old value: null | New value: [com.example.pokemon.entities.Pokemon@74e6a184]
65650 [Ehcache [_default_]-0] INFO  c.e.pokemon.config.CacheLogger - Key: skarmory | EventType: CREATED | Old value: null | New value: [com.example.pokemon.entities.Pokemon@69ee29a6]
67416 [Ehcache [_default_]-0] INFO  c.e.pokemon.config.CacheLogger - Key: houndour | EventType: CREATED | Old value: null | New value: [com.example.pokemon.entities.Pokemon@590336f7]
68878 [Ehcache [_default_]-0] INFO  c.e.pokemon.config.CacheLogger - Key: houndoom | EventType: CREATED | Old value: null | New value: [com.example.pokemon.entities.Pokemon@42229c5d]
71105 [Ehcache [_default_]-0] INFO  c.e.pokemon.config.CacheLogger - Key: kingdra | EventType: CREATED | Old value: null | New value: [com.example.pokemon.entities.Pokemon@530b75cb]
73537 [Ehcache [_default_]-0] INFO  c.e.pokemon.config.CacheLogger - Key: phanpy | EventType: CREATED | Old value: null | New value: [com.example.pokemon.entities.Pokemon@633271cd]
76114 [Ehcache [_default_]-0] INFO  c.e.pokemon.config.CacheLogger - Key: donphan | EventType: CREATED | Old value: null | New value: [com.example.pokemon.entities.Pokemon@663a065e]
78468 [Ehcache [_default_]-0] INFO  c.e.pokemon.config.CacheLogger - Key: porygon2 | EventType: CREATED | Old value: null | New value: [com.example.pokemon.entities.Pokemon@2c5afc29]
80870 [Ehcache [_default_]-0] INFO  c.e.pokemon.config.CacheLogger - Key: stantler | EventType: CREATED | Old value: null | New value: [com.example.pokemon.entities.Pokemon@1a1c779b]
82652 [Ehcache [_default_]-0] INFO  c.e.pokemon.config.CacheLogger - Key: smeargle | EventType: CREATED | Old value: null | New value: [com.example.pokemon.entities.Pokemon@347a0e1d]
85042 [Ehcache [_default_]-0] INFO  c.e.pokemon.config.CacheLogger - Key: tyrogue | EventType: CREATED | Old value: null | New value: [com.example.pokemon.entities.Pokemon@4a377a57]
87791 [Ehcache [_default_]-0] INFO  c.e.pokemon.config.CacheLogger - Key: hitmontop | EventType: CREATED | Old value: null | New value: [com.example.pokemon.entities.Pokemon@fda0f02]
90519 [Ehcache [_default_]-0] INFO  c.e.pokemon.config.CacheLogger - Key: smoochum | EventType: CREATED | Old value: null | New value: [com.example.pokemon.entities.Pokemon@3e05b27e]
93166 [Ehcache [_default_]-0] INFO  c.e.pokemon.config.CacheLogger - Key: elekid | EventType: CREATED | Old value: null | New value: [com.example.pokemon.entities.Pokemon@50a460cd]
95421 [Ehcache [_default_]-0] INFO  c.e.pokemon.config.CacheLogger - Key: magby | EventType: CREATED | Old value: null | New value: [com.example.pokemon.entities.Pokemon@2c67ad89]
97838 [Ehcache [_default_]-0] INFO  c.e.pokemon.config.CacheLogger - Key: miltank | EventType: CREATED | Old value: null | New value: [com.example.pokemon.entities.Pokemon@190eef6e]
100588 [Ehcache [_default_]-0] INFO  c.e.pokemon.config.CacheLogger - Key: blissey | EventType: CREATED | Old value: null | New value: [com.example.pokemon.entities.Pokemon@42319dd2]
103194 [Ehcache [_default_]-0] INFO  c.e.pokemon.config.CacheLogger - Key: raikou | EventType: CREATED | Old value: null | New value: [com.example.pokemon.entities.Pokemon@73ec21b6]
105985 [Ehcache [_default_]-0] INFO  c.e.pokemon.config.CacheLogger - Key: entei | EventType: CREATED | Old value: null | New value: [com.example.pokemon.entities.Pokemon@10e8e333]
108812 [Ehcache [_default_]-0] INFO  c.e.pokemon.config.CacheLogger - Key: suicune | EventType: CREATED | Old value: null | New value: [com.example.pokemon.entities.Pokemon@72f9fc9f]
111193 [Ehcache [_default_]-0] INFO  c.e.pokemon.config.CacheLogger - Key: larvitar | EventType: CREATED | Old value: null | New value: [com.example.pokemon.entities.Pokemon@4d1aac4b]
113846 [Ehcache [_default_]-0] INFO  c.e.pokemon.config.CacheLogger - Key: pupitar | EventType: CREATED | Old value: null | New value: [com.example.pokemon.entities.Pokemon@4e3506c]
116604 [Ehcache [_default_]-0] INFO  c.e.pokemon.config.CacheLogger - Key: tyranitar | EventType: CREATED | Old value: null | New value: [com.example.pokemon.entities.Pokemon@3d4ab1e4]
118430 [Ehcache [_default_]-0] INFO  c.e.pokemon.config.CacheLogger - Key: lugia | EventType: CREATED | Old value: null | New value: [com.example.pokemon.entities.Pokemon@edcde58]
120925 [Ehcache [_default_]-0] INFO  c.e.pokemon.config.CacheLogger - Key: ho-oh | EventType: CREATED | Old value: null | New value: [com.example.pokemon.entities.Pokemon@eed184c]
122770 [Ehcache [_default_]-0] INFO  c.e.pokemon.config.CacheLogger - Key: celebi | EventType: CREATED | Old value: null | New value: [com.example.pokemon.entities.Pokemon@64269dd7]
124408 [Ehcache [_default_]-0] INFO  c.e.pokemon.config.CacheLogger - Key: treecko | EventType: CREATED | Old value: null | New value: [com.example.pokemon.entities.Pokemon@21a8aa22]
127844 [Ehcache [_default_]-0] INFO  c.e.pokemon.config.CacheLogger - Key: grovyle | EventType: CREATED | Old value: null | New value: [com.example.pokemon.entities.Pokemon@97dfd45]
130424 [Ehcache [_default_]-0] INFO  c.e.pokemon.config.CacheLogger - Key: sceptile | EventType: CREATED | Old value: null | New value: [com.example.pokemon.entities.Pokemon@30acb906]
133453 [Ehcache [_default_]-0] INFO  c.e.pokemon.config.CacheLogger - Key: torchic | EventType: CREATED | Old value: null | New value: [com.example.pokemon.entities.Pokemon@52372ed2]
138360 [Ehcache [_default_]-0] INFO  c.e.pokemon.config.CacheLogger - Key: combusken | EventType: CREATED | Old value: null | New value: [com.example.pokemon.entities.Pokemon@2c958703]
144933 [Ehcache [_default_]-0] INFO  c.e.pokemon.config.CacheLogger - Key: blaziken | EventType: CREATED | Old value: null | New value: [com.example.pokemon.entities.Pokemon@6a9149c7]
149208 [Ehcache [_default_]-0] INFO  c.e.pokemon.config.CacheLogger - Key: mudkip | EventType: CREATED | Old value: null | New value: [com.example.pokemon.entities.Pokemon@1a252f3c]
152798 [Ehcache [_default_]-0] INFO  c.e.pokemon.config.CacheLogger - Key: marshtomp | EventType: CREATED | Old value: null | New value: [com.example.pokemon.entities.Pokemon@6c1ea6ca]
156355 [Ehcache [_default_]-0] INFO  c.e.pokemon.config.CacheLogger - Key: swampert | EventType: CREATED | Old value: null | New value: [com.example.pokemon.entities.Pokemon@12e524a2]
160358 [Ehcache [_default_]-0] INFO  c.e.pokemon.config.CacheLogger - Key: poochyena | EventType: CREATED | Old value: null | New value: [com.example.pokemon.entities.Pokemon@13422f74]
163157 [Ehcache [_default_]-0] INFO  c.e.pokemon.config.CacheLogger - Key: mightyena | EventType: CREATED | Old value: null | New value: [com.example.pokemon.entities.Pokemon@312ce6a]
164381 [Ehcache [_default_]-0] INFO  c.e.pokemon.config.CacheLogger - Key: zigzagoon | EventType: CREATED | Old value: null | New value: [com.example.pokemon.entities.Pokemon@7b96d500]
166052 [Ehcache [_default_]-0] INFO  c.e.pokemon.config.CacheLogger - Key: linoone | EventType: CREATED | Old value: null | New value: [com.example.pokemon.entities.Pokemon@63826e77]
167144 [Ehcache [_default_]-0] INFO  c.e.pokemon.config.CacheLogger - Key: wurmple | EventType: CREATED | Old value: null | New value: [com.example.pokemon.entities.Pokemon@2cc1066b]
168366 [Ehcache [_default_]-0] INFO  c.e.pokemon.config.CacheLogger - Key: silcoon | EventType: CREATED | Old value: null | New value: [com.example.pokemon.entities.Pokemon@47ffa82c]
169597 [Ehcache [_default_]-0] INFO  c.e.pokemon.config.CacheLogger - Key: beautifly | EventType: CREATED | Old value: null | New value: [com.example.pokemon.entities.Pokemon@704226ac]
170673 [Ehcache [_default_]-0] INFO  c.e.pokemon.config.CacheLogger - Key: cascoon | EventType: CREATED | Old value: null | New value: [com.example.pokemon.entities.Pokemon@6b3b1b5e]
171709 [Ehcache [_default_]-0] INFO  c.e.pokemon.config.CacheLogger - Key: dustox | EventType: CREATED | Old value: null | New value: [com.example.pokemon.entities.Pokemon@40fa5dfc]
172962 [Ehcache [_default_]-0] INFO  c.e.pokemon.config.CacheLogger - Key: lotad | EventType: CREATED | Old value: null | New value: [com.example.pokemon.entities.Pokemon@3acc1b7d]
174410 [Ehcache [_default_]-0] INFO  c.e.pokemon.config.CacheLogger - Key: lombre | EventType: CREATED | Old value: null | New value: [com.example.pokemon.entities.Pokemon@634e3027]
175888 [Ehcache [_default_]-0] INFO  c.e.pokemon.config.CacheLogger - Key: ludicolo | EventType: CREATED | Old value: null | New value: [com.example.pokemon.entities.Pokemon@141a1b78]
177114 [Ehcache [_default_]-0] INFO  c.e.pokemon.config.CacheLogger - Key: seedot | EventType: CREATED | Old value: null | New value: [com.example.pokemon.entities.Pokemon@39828c7e]
178417 [Ehcache [_default_]-0] INFO  c.e.pokemon.config.CacheLogger - Key: nuzleaf | EventType: CREATED | Old value: null | New value: [com.example.pokemon.entities.Pokemon@3ff684f]
179758 [Ehcache [_default_]-0] INFO  c.e.pokemon.config.CacheLogger - Key: shiftry | EventType: CREATED | Old value: null | New value: [com.example.pokemon.entities.Pokemon@5383e789]
182404 [Ehcache [_default_]-0] INFO  c.e.pokemon.config.CacheLogger - Key: taillow | EventType: CREATED | Old value: null | New value: [com.example.pokemon.entities.Pokemon@2534d7bf]
184626 [Ehcache [_default_]-0] INFO  c.e.pokemon.config.CacheLogger - Key: swellow | EventType: CREATED | Old value: null | New value: [com.example.pokemon.entities.Pokemon@1d74e2da]
186230 [Ehcache [_default_]-0] INFO  c.e.pokemon.config.CacheLogger - Key: wingull | EventType: CREATED | Old value: null | New value: [com.example.pokemon.entities.Pokemon@233c4fbf]
187646 [Ehcache [_default_]-0] INFO  c.e.pokemon.config.CacheLogger - Key: pelipper | EventType: CREATED | Old value: null | New value: [com.example.pokemon.entities.Pokemon@7ff770c4]
189029 [Ehcache [_default_]-0] INFO  c.e.pokemon.config.CacheLogger - Key: ralts | EventType: CREATED | Old value: null | New value: [com.example.pokemon.entities.Pokemon@301f589d]
190842 [Ehcache [_default_]-0] INFO  c.e.pokemon.config.CacheLogger - Key: kirlia | EventType: CREATED | Old value: null | New value: [com.example.pokemon.entities.Pokemon@1e7cca84]
192438 [Ehcache [_default_]-0] INFO  c.e.pokemon.config.CacheLogger - Key: gardevoir | EventType: CREATED | Old value: null | New value: [com.example.pokemon.entities.Pokemon@5ecbc8ae]
194466 [Ehcache [_default_]-0] INFO  c.e.pokemon.config.CacheLogger - Key: surskit | EventType: CREATED | Old value: null | New value: [com.example.pokemon.entities.Pokemon@3f179b31]
195809 [Ehcache [_default_]-0] INFO  c.e.pokemon.config.CacheLogger - Key: masquerain | EventType: CREATED | Old value: null | New value: [com.example.pokemon.entities.Pokemon@75b8be93]
197216 [Ehcache [_default_]-0] INFO  c.e.pokemon.config.CacheLogger - Key: shroomish | EventType: CREATED | Old value: null | New value: [com.example.pokemon.entities.Pokemon@6a00cab7]
198837 [Ehcache [_default_]-0] INFO  c.e.pokemon.config.CacheLogger - Key: breloom | EventType: CREATED | Old value: null | New value: [com.example.pokemon.entities.Pokemon@3795e8ae]
200231 [Ehcache [_default_]-0] INFO  c.e.pokemon.config.CacheLogger - Key: slakoth | EventType: CREATED | Old value: null | New value: [com.example.pokemon.entities.Pokemon@7518c23]
201710 [Ehcache [_default_]-0] INFO  c.e.pokemon.config.CacheLogger - Key: vigoroth | EventType: CREATED | Old value: null | New value: [com.example.pokemon.entities.Pokemon@7cd51bb2]
202579 [Ehcache [_default_]-0] INFO  c.e.pokemon.config.CacheLogger - Key: slaking | EventType: CREATED | Old value: null | New value: [com.example.pokemon.entities.Pokemon@22de30d0]
203767 [Ehcache [_default_]-0] INFO  c.e.pokemon.config.CacheLogger - Key: nincada | EventType: CREATED | Old value: null | New value: [com.example.pokemon.entities.Pokemon@6ff40deb]
205091 [Ehcache [_default_]-0] INFO  c.e.pokemon.config.CacheLogger - Key: ninjask | EventType: CREATED | Old value: null | New value: [com.example.pokemon.entities.Pokemon@fa0091e]
205704 [Ehcache [_default_]-0] INFO  c.e.pokemon.config.CacheLogger - Key: shedinja | EventType: CREATED | Old value: null | New value: [com.example.pokemon.entities.Pokemon@653c0334]
207213 [Ehcache [_default_]-0] INFO  c.e.pokemon.config.CacheLogger - Key: whismur | EventType: CREATED | Old value: null | New value: [com.example.pokemon.entities.Pokemon@d8c3e78]
208532 [Ehcache [_default_]-0] INFO  c.e.pokemon.config.CacheLogger - Key: loudred | EventType: CREATED | Old value: null | New value: [com.example.pokemon.entities.Pokemon@503e2fd7]
210240 [Ehcache [_default_]-0] INFO  c.e.pokemon.config.CacheLogger - Key: exploud | EventType: CREATED | Old value: null | New value: [com.example.pokemon.entities.Pokemon@6f56bede]
211684 [Ehcache [_default_]-0] INFO  c.e.pokemon.config.CacheLogger - Key: makuhita | EventType: CREATED | Old value: null | New value: [com.example.pokemon.entities.Pokemon@5250ec47]
212936 [Ehcache [_default_]-0] INFO  c.e.pokemon.config.CacheLogger - Key: hariyama | EventType: CREATED | Old value: null | New value: [com.example.pokemon.entities.Pokemon@648c2663]
214462 [Ehcache [_default_]-0] INFO  c.e.pokemon.config.CacheLogger - Key: azurill | EventType: CREATED | Old value: null | New value: [com.example.pokemon.entities.Pokemon@3dada866]
215848 [Ehcache [_default_]-0] INFO  c.e.pokemon.config.CacheLogger - Key: nosepass | EventType: CREATED | Old value: null | New value: [com.example.pokemon.entities.Pokemon@109b5271]
217157 [Ehcache [_default_]-0] INFO  c.e.pokemon.config.CacheLogger - Key: skitty | EventType: CREATED | Old value: null | New value: [com.example.pokemon.entities.Pokemon@3c4d89c0]
