1332 [main] INFO  c.e.p.c.PokemonControllerTest - Starting PokemonControllerTest on LAPTOP-N0BBULQP with PID 13628 (started by mofol in D:\dev\pokemon)
1337 [main] INFO  c.e.p.c.PokemonControllerTest - No active profile set, falling back to default profiles: default
995  [main] INFO  c.e.p.c.PokemonControllerTest - Starting PokemonControllerTest on LAPTOP-N0BBULQP with PID 21012 (started by mofol in D:\dev\pokemon)
998  [main] INFO  c.e.p.c.PokemonControllerTest - No active profile set, falling back to default profiles: default
971  [main] INFO  c.e.p.c.PokemonControllerTest - Starting PokemonControllerTest on LAPTOP-N0BBULQP with PID 18108 (started by mofol in D:\dev\pokemon)
973  [main] INFO  c.e.p.c.PokemonControllerTest - No active profile set, falling back to default profiles: default
1026 [restartedMain] INFO  c.e.pokemon.PokemonApplication - Starting PokemonApplication on LAPTOP-N0BBULQP with PID 3488 (D:\dev\pokemon\target\classes started by mofol in D:\dev\pokemon)
1037 [restartedMain] INFO  c.e.pokemon.PokemonApplication - No active profile set, falling back to default profiles: default
10070 [restartedMain] INFO  c.e.pokemon.PokemonApplication - Started PokemonApplication in 9.486 seconds (JVM running for 10.4)
1076 [restartedMain] INFO  c.e.pokemon.PokemonApplication - Starting PokemonApplication on LAPTOP-N0BBULQP with PID 10072 (D:\dev\pokemon\target\classes started by mofol in D:\dev\pokemon)
1091 [restartedMain] INFO  c.e.pokemon.PokemonApplication - No active profile set, falling back to default profiles: default
10000 [restartedMain] INFO  c.e.pokemon.PokemonApplication - Started PokemonApplication in 9.527 seconds (JVM running for 10.312)
1042 [restartedMain] INFO  c.e.pokemon.PokemonApplication - Starting PokemonApplication on LAPTOP-N0BBULQP with PID 22700 (D:\dev\pokemon\target\classes started by mofol in D:\dev\pokemon)
1054 [restartedMain] INFO  c.e.pokemon.PokemonApplication - No active profile set, falling back to default profiles: default
9948 [restartedMain] INFO  c.e.pokemon.PokemonApplication - Started PokemonApplication in 9.429 seconds (JVM running for 10.3)
1181 [restartedMain] INFO  c.e.pokemon.PokemonApplication - Starting PokemonApplication on LAPTOP-N0BBULQP with PID 25584 (D:\dev\pokemon\target\classes started by mofol in D:\dev\pokemon)
1192 [restartedMain] INFO  c.e.pokemon.PokemonApplication - No active profile set, falling back to default profiles: default
10423 [restartedMain] INFO  c.e.pokemon.PokemonApplication - Started PokemonApplication in 9.751 seconds (JVM running for 10.732)
1069 [restartedMain] INFO  c.e.pokemon.PokemonApplication - Starting PokemonApplication on LAPTOP-N0BBULQP with PID 6888 (D:\dev\pokemon\target\classes started by mofol in D:\dev\pokemon)
1080 [restartedMain] INFO  c.e.pokemon.PokemonApplication - No active profile set, falling back to default profiles: default
9301 [restartedMain] INFO  c.e.pokemon.PokemonApplication - Started PokemonApplication in 8.797 seconds (JVM running for 9.642)
973  [restartedMain] INFO  c.e.pokemon.PokemonApplication - Starting PokemonApplication on LAPTOP-N0BBULQP with PID 22892 (D:\dev\pokemon\target\classes started by mofol in D:\dev\pokemon)
985  [restartedMain] INFO  c.e.pokemon.PokemonApplication - No active profile set, falling back to default profiles: default
9389 [restartedMain] INFO  c.e.pokemon.PokemonApplication - Started PokemonApplication in 8.905 seconds (JVM running for 9.714)
1008 [restartedMain] INFO  c.e.pokemon.PokemonApplication - Starting PokemonApplication on LAPTOP-N0BBULQP with PID 21772 (D:\dev\pokemon\target\classes started by mofol in D:\dev\pokemon)
1018 [restartedMain] INFO  c.e.pokemon.PokemonApplication - No active profile set, falling back to default profiles: default
8796 [restartedMain] INFO  c.e.pokemon.PokemonApplication - Started PokemonApplication in 8.305 seconds (JVM running for 9.138)
595226 [restartedMain] INFO  c.e.pokemon.PokemonApplication - Starting PokemonApplication on LAPTOP-N0BBULQP with PID 21772 (D:\dev\pokemon\target\classes started by mofol in D:\dev\pokemon)
595227 [restartedMain] INFO  c.e.pokemon.PokemonApplication - No active profile set, falling back to default profiles: default
599485 [restartedMain] INFO  c.e.pokemon.PokemonApplication - Started PokemonApplication in 4.364 seconds (JVM running for 599.827)
1082 [restartedMain] INFO  c.e.pokemon.PokemonApplication - Starting PokemonApplication on LAPTOP-N0BBULQP with PID 20000 (D:\dev\pokemon\target\classes started by mofol in D:\dev\pokemon)
1095 [restartedMain] INFO  c.e.pokemon.PokemonApplication - No active profile set, falling back to default profiles: default
9127 [restartedMain] INFO  c.e.pokemon.PokemonApplication - Started PokemonApplication in 8.585 seconds (JVM running for 9.579)
943784 [restartedMain] INFO  c.e.pokemon.PokemonApplication - Starting PokemonApplication on LAPTOP-N0BBULQP with PID 20000 (D:\dev\pokemon\target\classes started by mofol in D:\dev\pokemon)
943785 [restartedMain] INFO  c.e.pokemon.PokemonApplication - No active profile set, falling back to default profiles: default
1282 [main] INFO  c.e.p.c.ApiDocumentationJUnit4IntegrationTest - Starting ApiDocumentationJUnit4IntegrationTest on LAPTOP-N0BBULQP with PID 21616 (started by mofol in D:\dev\pokemon)
1283 [main] INFO  c.e.p.c.ApiDocumentationJUnit4IntegrationTest - No active profile set, falling back to default profiles: default
947906 [restartedMain] INFO  c.e.pokemon.PokemonApplication - Started PokemonApplication in 4.215 seconds (JVM running for 948.358)
8597 [main] INFO  c.e.p.c.ApiDocumentationJUnit4IntegrationTest - Started ApiDocumentationJUnit4IntegrationTest in 7.76 seconds (JVM running for 9.291)
1109 [main] INFO  c.e.p.c.ApiDocumentationJUnit4IntegrationTest - Starting ApiDocumentationJUnit4IntegrationTest on LAPTOP-N0BBULQP with PID 2108 (started by mofol in D:\dev\pokemon)
1110 [main] INFO  c.e.p.c.ApiDocumentationJUnit4IntegrationTest - No active profile set, falling back to default profiles: default
7165 [main] INFO  c.e.p.c.ApiDocumentationJUnit4IntegrationTest - Started ApiDocumentationJUnit4IntegrationTest in 6.423 seconds (JVM running for 7.569)
1088 [main] INFO  c.e.p.c.ApiDocumentationJUnit4IntegrationTest - Starting ApiDocumentationJUnit4IntegrationTest on LAPTOP-N0BBULQP with PID 9472 (started by mofol in D:\dev\pokemon)
1089 [main] INFO  c.e.p.c.ApiDocumentationJUnit4IntegrationTest - No active profile set, falling back to default profiles: default
7064 [main] INFO  c.e.p.c.ApiDocumentationJUnit4IntegrationTest - Started ApiDocumentationJUnit4IntegrationTest in 6.355 seconds (JVM running for 7.455)
1096 [main] INFO  c.e.p.c.ApiDocumentationJUnit4IntegrationTest - Starting ApiDocumentationJUnit4IntegrationTest on LAPTOP-N0BBULQP with PID 15728 (started by mofol in D:\dev\pokemon)
1097 [main] INFO  c.e.p.c.ApiDocumentationJUnit4IntegrationTest - No active profile set, falling back to default profiles: default
6927 [main] INFO  c.e.p.c.ApiDocumentationJUnit4IntegrationTest - Started ApiDocumentationJUnit4IntegrationTest in 6.195 seconds (JVM running for 7.39)
1566262 [restartedMain] INFO  c.e.pokemon.PokemonApplication - Starting PokemonApplication on LAPTOP-N0BBULQP with PID 20000 (D:\dev\pokemon\target\classes started by mofol in D:\dev\pokemon)
1566263 [restartedMain] INFO  c.e.pokemon.PokemonApplication - No active profile set, falling back to default profiles: default
1134 [main] INFO  c.e.p.c.ApiDocumentationJUnit4IntegrationTest - Starting ApiDocumentationJUnit4IntegrationTest on LAPTOP-N0BBULQP with PID 15584 (started by mofol in D:\dev\pokemon)
1135 [main] INFO  c.e.p.c.ApiDocumentationJUnit4IntegrationTest - No active profile set, falling back to default profiles: default
1570091 [restartedMain] INFO  c.e.pokemon.PokemonApplication - Started PokemonApplication in 3.907 seconds (JVM running for 1570.542)
7750 [main] INFO  c.e.p.c.ApiDocumentationJUnit4IntegrationTest - Started ApiDocumentationJUnit4IntegrationTest in 7.0 seconds (JVM running for 8.274)
1044 [main] INFO  c.e.p.c.ApiDocumentationJUnit4IntegrationTest - Starting ApiDocumentationJUnit4IntegrationTest on LAPTOP-N0BBULQP with PID 8024 (started by mofol in D:\dev\pokemon)
1045 [main] INFO  c.e.p.c.ApiDocumentationJUnit4IntegrationTest - No active profile set, falling back to default profiles: default
7379 [main] INFO  c.e.p.c.ApiDocumentationJUnit4IntegrationTest - Started ApiDocumentationJUnit4IntegrationTest in 6.669 seconds (JVM running for 7.842)
1162 [main] INFO  c.e.p.c.ApiDocumentationJUnit4IntegrationTest - Starting ApiDocumentationJUnit4IntegrationTest on LAPTOP-N0BBULQP with PID 9908 (started by mofol in D:\dev\pokemon)
1163 [main] INFO  c.e.p.c.ApiDocumentationJUnit4IntegrationTest - No active profile set, falling back to default profiles: default
7220 [main] INFO  c.e.p.c.ApiDocumentationJUnit4IntegrationTest - Started ApiDocumentationJUnit4IntegrationTest in 6.463 seconds (JVM running for 7.622)
1084 [main] INFO  c.e.p.c.ApiDocumentationJUnit4IntegrationTest - Starting ApiDocumentationJUnit4IntegrationTest on LAPTOP-N0BBULQP with PID 12504 (started by mofol in D:\dev\pokemon)
1086 [main] INFO  c.e.p.c.ApiDocumentationJUnit4IntegrationTest - No active profile set, falling back to default profiles: default
7529 [main] INFO  c.e.p.c.ApiDocumentationJUnit4IntegrationTest - Started ApiDocumentationJUnit4IntegrationTest in 6.816 seconds (JVM running for 7.924)
969  [restartedMain] INFO  c.e.pokemon.PokemonApplication - Starting PokemonApplication on LAPTOP-N0BBULQP with PID 22364 (D:\dev\pokemon\target\classes started by mofol in D:\dev\pokemon)
980  [restartedMain] INFO  c.e.pokemon.PokemonApplication - No active profile set, falling back to default profiles: default
8698 [restartedMain] INFO  c.e.pokemon.PokemonApplication - Started PokemonApplication in 8.175 seconds (JVM running for 9.052)
1111 [main] INFO  c.e.p.c.ApiDocumentationJUnit4IntegrationTest - Starting ApiDocumentationJUnit4IntegrationTest on LAPTOP-N0BBULQP with PID 18348 (started by mofol in D:\dev\pokemon)
1112 [main] INFO  c.e.p.c.ApiDocumentationJUnit4IntegrationTest - No active profile set, falling back to default profiles: default
7152 [main] INFO  c.e.p.c.ApiDocumentationJUnit4IntegrationTest - Started ApiDocumentationJUnit4IntegrationTest in 6.411 seconds (JVM running for 7.574)
887  [restartedMain] INFO  c.e.pokemon.PokemonApplication - Starting PokemonApplication on LAPTOP-N0BBULQP with PID 8268 (D:\dev\pokemon\target\classes started by mofol in D:\dev\pokemon)
897  [restartedMain] INFO  c.e.pokemon.PokemonApplication - No active profile set, falling back to default profiles: default
9367 [restartedMain] INFO  c.e.pokemon.PokemonApplication - Started PokemonApplication in 8.924 seconds (JVM running for 9.723)
32545 [Ehcache [_default_]-0] INFO  c.e.pokemon.config.CacheLogger - Key: wobbuffet | EventType: CREATED | Old value: null | New value: [com.example.pokemon.entities.Pokemon@3b46c327]
928  [restartedMain] INFO  c.e.pokemon.PokemonApplication - Starting PokemonApplication on LAPTOP-N0BBULQP with PID 9100 (D:\dev\pokemon\target\classes started by mofol in D:\dev\pokemon)
938  [restartedMain] INFO  c.e.pokemon.PokemonApplication - No active profile set, falling back to default profiles: default
9513 [restartedMain] INFO  c.e.pokemon.PokemonApplication - Started PokemonApplication in 9.018 seconds (JVM running for 9.911)
1178 [main] INFO  c.e.p.c.ApiDocumentationJUnit4IntegrationTest - Starting ApiDocumentationJUnit4IntegrationTest on LAPTOP-N0BBULQP with PID 18536 (started by mofol in D:\dev\pokemon)
1181 [main] INFO  c.e.p.c.ApiDocumentationJUnit4IntegrationTest - No active profile set, falling back to default profiles: default
36460 [Ehcache [_default_]-0] INFO  c.e.pokemon.config.CacheLogger - Key: wobbuffet | EventType: CREATED | Old value: null | New value: [com.example.pokemon.entities.Pokemon@d7f9c2f]
8540 [main] INFO  c.e.p.c.ApiDocumentationJUnit4IntegrationTest - Started ApiDocumentationJUnit4IntegrationTest in 7.775 seconds (JVM running for 8.976)
1072 [main] INFO  c.e.p.c.ApiDocumentationJUnit4IntegrationTest - Starting ApiDocumentationJUnit4IntegrationTest on LAPTOP-N0BBULQP with PID 17164 (started by mofol in D:\dev\pokemon)
1076 [main] INFO  c.e.p.c.ApiDocumentationJUnit4IntegrationTest - No active profile set, falling back to default profiles: default
7164 [main] INFO  c.e.p.c.ApiDocumentationJUnit4IntegrationTest - Started ApiDocumentationJUnit4IntegrationTest in 6.458 seconds (JVM running for 7.586)
963  [restartedMain] INFO  c.e.pokemon.PokemonApplication - Starting PokemonApplication on LAPTOP-N0BBULQP with PID 3744 (D:\dev\pokemon\target\classes started by mofol in D:\dev\pokemon)
972  [restartedMain] INFO  c.e.pokemon.PokemonApplication - No active profile set, falling back to default profiles: default
9584 [restartedMain] INFO  c.e.pokemon.PokemonApplication - Started PokemonApplication in 9.092 seconds (JVM running for 9.909)
1001 [restartedMain] INFO  c.e.pokemon.PokemonApplication - Starting PokemonApplication on LAPTOP-N0BBULQP with PID 20980 (D:\dev\pokemon\target\classes started by mofol in D:\dev\pokemon)
1012 [restartedMain] INFO  c.e.pokemon.PokemonApplication - No active profile set, falling back to default profiles: default
9556 [restartedMain] INFO  c.e.pokemon.PokemonApplication - Started PokemonApplication in 9.012 seconds (JVM running for 9.938)
1071 [restartedMain] INFO  c.e.pokemon.PokemonApplication - Starting PokemonApplication on LAPTOP-N0BBULQP with PID 3296 (D:\dev\pokemon\target\classes started by mofol in D:\dev\pokemon)
1081 [restartedMain] INFO  c.e.pokemon.PokemonApplication - No active profile set, falling back to default profiles: default
8772 [restartedMain] INFO  c.e.pokemon.PokemonApplication - Started PokemonApplication in 8.227 seconds (JVM running for 9.143)
1695 [main] INFO  c.e.p.c.ApiDocumentationJUnit4IntegrationTest - Starting ApiDocumentationJUnit4IntegrationTest on LAPTOP-N0BBULQP with PID 14628 (started by mofol in D:\dev\pokemon)
1697 [main] INFO  c.e.p.c.ApiDocumentationJUnit4IntegrationTest - No active profile set, falling back to default profiles: default
11816 [main] INFO  c.e.p.c.ApiDocumentationJUnit4IntegrationTest - Started ApiDocumentationJUnit4IntegrationTest in 10.815 seconds (JVM running for 13.174)
1067 [main] INFO  c.e.p.c.ApiDocumentationJUnit4IntegrationTest - Starting ApiDocumentationJUnit4IntegrationTest on LAPTOP-N0BBULQP with PID 24672 (started by mofol in D:\dev\pokemon)
1068 [main] INFO  c.e.p.c.ApiDocumentationJUnit4IntegrationTest - No active profile set, falling back to default profiles: default
7618 [main] INFO  c.e.p.c.ApiDocumentationJUnit4IntegrationTest - Started ApiDocumentationJUnit4IntegrationTest in 6.9 seconds (JVM running for 8.065)
1094 [restartedMain] INFO  c.e.pokemon.PokemonApplication - Starting PokemonApplication on LAPTOP-N0BBULQP with PID 21436 (D:\dev\pokemon\target\classes started by mofol in D:\dev\pokemon)
1104 [restartedMain] INFO  c.e.pokemon.PokemonApplication - No active profile set, falling back to default profiles: default
10819 [restartedMain] INFO  c.e.pokemon.PokemonApplication - Started PokemonApplication in 10.23 seconds (JVM running for 11.173)
1005 [restartedMain] INFO  c.e.pokemon.PokemonApplication - Starting PokemonApplication on LAPTOP-N0BBULQP with PID 21888 (D:\dev\pokemon\target\classes started by mofol in D:\dev\pokemon)
1016 [restartedMain] INFO  c.e.pokemon.PokemonApplication - No active profile set, falling back to default profiles: default
9033 [restartedMain] INFO  c.e.pokemon.PokemonApplication - Started PokemonApplication in 8.511 seconds (JVM running for 9.401)
17711 [Ehcache [_default_]-0] INFO  c.e.pokemon.config.CacheLogger - Key: wobbuffet | EventType: CREATED | Old value: null | New value: [com.example.pokemon.entities.Pokemon@4c7e4a01]
1119 [main] INFO  c.e.p.c.ApiDocumentationJUnit4IntegrationTest - Starting ApiDocumentationJUnit4IntegrationTest on LAPTOP-N0BBULQP with PID 22456 (started by mofol in D:\dev\pokemon)
1120 [main] INFO  c.e.p.c.ApiDocumentationJUnit4IntegrationTest - No active profile set, falling back to default profiles: default
7159 [main] INFO  c.e.p.c.ApiDocumentationJUnit4IntegrationTest - Started ApiDocumentationJUnit4IntegrationTest in 6.407 seconds (JVM running for 7.54)
1090 [restartedMain] INFO  c.e.pokemon.PokemonApplication - Starting PokemonApplication on LAPTOP-N0BBULQP with PID 21744 (D:\dev\pokemon\target\classes started by mofol in D:\dev\pokemon)
1102 [restartedMain] INFO  c.e.pokemon.PokemonApplication - No active profile set, falling back to default profiles: default
10198 [restartedMain] INFO  c.e.pokemon.PokemonApplication - Started PokemonApplication in 9.649 seconds (JVM running for 10.592)
1145 [main] INFO  c.e.p.c.ApiDocumentationJUnit4IntegrationTest - Starting ApiDocumentationJUnit4IntegrationTest on LAPTOP-N0BBULQP with PID 25316 (started by mofol in D:\dev\pokemon)
1146 [main] INFO  c.e.p.c.ApiDocumentationJUnit4IntegrationTest - No active profile set, falling back to default profiles: default
7085 [main] INFO  c.e.p.c.ApiDocumentationJUnit4IntegrationTest - Started ApiDocumentationJUnit4IntegrationTest in 6.29 seconds (JVM running for 7.484)
1021 [restartedMain] INFO  c.e.pokemon.PokemonApplication - Starting PokemonApplication on LAPTOP-N0BBULQP with PID 18424 (D:\dev\pokemon\target\classes started by mofol in D:\dev\pokemon)
1033 [restartedMain] INFO  c.e.pokemon.PokemonApplication - No active profile set, falling back to default profiles: default
8642 [restartedMain] INFO  c.e.pokemon.PokemonApplication - Started PokemonApplication in 8.098 seconds (JVM running for 8.975)
1156 [restartedMain] INFO  c.e.pokemon.PokemonApplication - Starting PokemonApplication on LAPTOP-N0BBULQP with PID 19520 (D:\dev\pokemon\target\classes started by mofol in D:\dev\pokemon)
1166 [restartedMain] INFO  c.e.pokemon.PokemonApplication - No active profile set, falling back to default profiles: default
8713 [restartedMain] INFO  c.e.pokemon.PokemonApplication - Started PokemonApplication in 8.04 seconds (JVM running for 9.081)
1175 [main] INFO  c.e.p.c.ApiDocumentationJUnit4IntegrationTest - Starting ApiDocumentationJUnit4IntegrationTest on LAPTOP-N0BBULQP with PID 11224 (started by mofol in D:\dev\pokemon)
1176 [main] INFO  c.e.p.c.ApiDocumentationJUnit4IntegrationTest - No active profile set, falling back to default profiles: default
8000 [main] INFO  c.e.p.c.ApiDocumentationJUnit4IntegrationTest - Started ApiDocumentationJUnit4IntegrationTest in 7.225 seconds (JVM running for 8.384)
56035 [restartedMain] INFO  c.e.pokemon.PokemonApplication - Starting PokemonApplication on LAPTOP-N0BBULQP with PID 19520 (D:\dev\pokemon\target\classes started by mofol in D:\dev\pokemon)
56036 [restartedMain] INFO  c.e.pokemon.PokemonApplication - No active profile set, falling back to default profiles: default
58972 [restartedMain] INFO  c.e.pokemon.PokemonApplication - Starting PokemonApplication on LAPTOP-N0BBULQP with PID 19520 (D:\dev\pokemon\target\classes started by mofol in D:\dev\pokemon)
58972 [restartedMain] INFO  c.e.pokemon.PokemonApplication - No active profile set, falling back to default profiles: default
945  [main] INFO  c.e.p.c.ApiDocumentationJUnit4IntegrationTest - Starting ApiDocumentationJUnit4IntegrationTest on LAPTOP-N0BBULQP with PID 11308 (started by mofol in D:\dev\pokemon)
946  [main] INFO  c.e.p.c.ApiDocumentationJUnit4IntegrationTest - No active profile set, falling back to default profiles: default
64377 [restartedMain] INFO  c.e.pokemon.PokemonApplication - Started PokemonApplication in 5.492 seconds (JVM running for 64.745)
9082 [main] INFO  c.e.p.c.ApiDocumentationJUnit4IntegrationTest - Started ApiDocumentationJUnit4IntegrationTest in 8.416 seconds (JVM running for 11.368)
903  [restartedMain] INFO  c.e.pokemon.PokemonApplication - Starting PokemonApplication on LAPTOP-N0BBULQP with PID 24128 (D:\dev\pokemon\target\classes started by mofol in D:\dev\pokemon)
914  [restartedMain] INFO  c.e.pokemon.PokemonApplication - No active profile set, falling back to default profiles: default
8536 [restartedMain] INFO  c.e.pokemon.PokemonApplication - Started PokemonApplication in 8.073 seconds (JVM running for 8.901)
35316 [restartedMain] INFO  c.e.pokemon.PokemonApplication - Starting PokemonApplication on LAPTOP-N0BBULQP with PID 24128 (D:\dev\pokemon\target\classes started by mofol in D:\dev\pokemon)
35316 [restartedMain] INFO  c.e.pokemon.PokemonApplication - No active profile set, falling back to default profiles: default
37933 [restartedMain] INFO  c.e.pokemon.PokemonApplication - Starting PokemonApplication on LAPTOP-N0BBULQP with PID 24128 (D:\dev\pokemon\target\classes started by mofol in D:\dev\pokemon)
37935 [restartedMain] INFO  c.e.pokemon.PokemonApplication - No active profile set, falling back to default profiles: default
2008 [main] INFO  c.e.p.c.ApiDocumentationJUnit4IntegrationTest - Starting ApiDocumentationJUnit4IntegrationTest on LAPTOP-N0BBULQP with PID 19168 (started by mofol in D:\dev\pokemon)
2010 [main] INFO  c.e.p.c.ApiDocumentationJUnit4IntegrationTest - No active profile set, falling back to default profiles: default
43673 [restartedMain] INFO  c.e.pokemon.PokemonApplication - Started PokemonApplication in 5.894 seconds (JVM running for 44.038)
9607 [main] INFO  c.e.p.c.ApiDocumentationJUnit4IntegrationTest - Started ApiDocumentationJUnit4IntegrationTest in 8.723 seconds (JVM running for 10.812)
158269 [restartedMain] INFO  c.e.pokemon.PokemonApplication - Starting PokemonApplication on LAPTOP-N0BBULQP with PID 24128 (D:\dev\pokemon\target\classes started by mofol in D:\dev\pokemon)
158269 [restartedMain] INFO  c.e.pokemon.PokemonApplication - No active profile set, falling back to default profiles: default
1913 [main] INFO  c.e.p.c.ApiDocumentationJUnit4IntegrationTest - Starting ApiDocumentationJUnit4IntegrationTest on LAPTOP-N0BBULQP with PID 1772 (started by mofol in D:\dev\pokemon)
1915 [main] INFO  c.e.p.c.ApiDocumentationJUnit4IntegrationTest - No active profile set, falling back to default profiles: default
162582 [restartedMain] INFO  c.e.pokemon.PokemonApplication - Started PokemonApplication in 4.419 seconds (JVM running for 162.946)
8885 [main] INFO  c.e.p.c.ApiDocumentationJUnit4IntegrationTest - Started ApiDocumentationJUnit4IntegrationTest in 7.446 seconds (JVM running for 9.336)
952  [restartedMain] INFO  c.e.pokemon.PokemonApplication - Starting PokemonApplication on LAPTOP-N0BBULQP with PID 23676 (D:\dev\pokemon\target\classes started by mofol in D:\dev\pokemon)
966  [restartedMain] INFO  c.e.pokemon.PokemonApplication - No active profile set, falling back to default profiles: default
10157 [restartedMain] INFO  c.e.pokemon.PokemonApplication - Started PokemonApplication in 9.694 seconds (JVM running for 10.487)
44896 [restartedMain] INFO  c.e.pokemon.PokemonApplication - Starting PokemonApplication on LAPTOP-N0BBULQP with PID 23676 (D:\dev\pokemon\target\classes started by mofol in D:\dev\pokemon)
44896 [restartedMain] INFO  c.e.pokemon.PokemonApplication - No active profile set, falling back to default profiles: default
47526 [restartedMain] INFO  c.e.pokemon.PokemonApplication - Starting PokemonApplication on LAPTOP-N0BBULQP with PID 23676 (D:\dev\pokemon\target\classes started by mofol in D:\dev\pokemon)
47530 [restartedMain] INFO  c.e.pokemon.PokemonApplication - No active profile set, falling back to default profiles: default
1867 [main] INFO  c.e.p.c.ApiDocumentationJUnit4IntegrationTest - Starting ApiDocumentationJUnit4IntegrationTest on LAPTOP-N0BBULQP with PID 2032 (started by mofol in D:\dev\pokemon)
1869 [main] INFO  c.e.p.c.ApiDocumentationJUnit4IntegrationTest - No active profile set, falling back to default profiles: default
52973 [restartedMain] INFO  c.e.pokemon.PokemonApplication - Started PokemonApplication in 5.619 seconds (JVM running for 53.303)
10218 [main] INFO  c.e.p.c.ApiDocumentationJUnit4IntegrationTest - Started ApiDocumentationJUnit4IntegrationTest in 9.274 seconds (JVM running for 11.344)
970  [restartedMain] INFO  c.e.pokemon.PokemonApplication - Starting PokemonApplication on LAPTOP-N0BBULQP with PID 16264 (D:\dev\pokemon\target\classes started by mofol in D:\dev\pokemon)
981  [restartedMain] INFO  c.e.pokemon.PokemonApplication - No active profile set, falling back to default profiles: default
9163 [restartedMain] INFO  c.e.pokemon.PokemonApplication - Started PokemonApplication in 8.66 seconds (JVM running for 9.506)
1197 [main] INFO  c.e.p.c.ApiDocumentationJUnit4IntegrationTest - Starting ApiDocumentationJUnit4IntegrationTest on LAPTOP-N0BBULQP with PID 1696 (started by mofol in D:\dev\pokemon)
1198 [main] INFO  c.e.p.c.ApiDocumentationJUnit4IntegrationTest - No active profile set, falling back to default profiles: default
7683 [main] INFO  c.e.p.c.ApiDocumentationJUnit4IntegrationTest - Started ApiDocumentationJUnit4IntegrationTest in 6.919 seconds (JVM running for 8.243)
127469 [restartedMain] INFO  c.e.pokemon.PokemonApplication - Starting PokemonApplication on LAPTOP-N0BBULQP with PID 16264 (D:\dev\pokemon\target\classes started by mofol in D:\dev\pokemon)
127470 [restartedMain] INFO  c.e.pokemon.PokemonApplication - No active profile set, falling back to default profiles: default
129669 [restartedMain] INFO  c.e.pokemon.PokemonApplication - Starting PokemonApplication on LAPTOP-N0BBULQP with PID 16264 (D:\dev\pokemon\target\classes started by mofol in D:\dev\pokemon)
129670 [restartedMain] INFO  c.e.pokemon.PokemonApplication - No active profile set, falling back to default profiles: default
135226 [restartedMain] INFO  c.e.pokemon.PokemonApplication - Started PokemonApplication in 5.727 seconds (JVM running for 135.568)
138058 [restartedMain] INFO  c.e.pokemon.PokemonApplication - Starting PokemonApplication on LAPTOP-N0BBULQP with PID 16264 (D:\dev\pokemon\target\classes started by mofol in D:\dev\pokemon)
138058 [restartedMain] INFO  c.e.pokemon.PokemonApplication - No active profile set, falling back to default profiles: default
1443 [main] INFO  c.e.p.c.ApiDocumentationJUnit4IntegrationTest - Starting ApiDocumentationJUnit4IntegrationTest on LAPTOP-N0BBULQP with PID 24316 (started by mofol in D:\dev\pokemon)
1445 [main] INFO  c.e.p.c.ApiDocumentationJUnit4IntegrationTest - No active profile set, falling back to default profiles: default
142428 [restartedMain] INFO  c.e.pokemon.PokemonApplication - Started PokemonApplication in 4.458 seconds (JVM running for 142.771)
9662 [main] INFO  c.e.p.c.ApiDocumentationJUnit4IntegrationTest - Started ApiDocumentationJUnit4IntegrationTest in 8.701 seconds (JVM running for 10.72)
983  [restartedMain] INFO  c.e.pokemon.PokemonApplication - Starting PokemonApplication on LAPTOP-N0BBULQP with PID 20136 (D:\dev\pokemon\target\classes started by mofol in D:\dev\pokemon)
995  [restartedMain] INFO  c.e.pokemon.PokemonApplication - No active profile set, falling back to default profiles: default
10027 [restartedMain] INFO  c.e.pokemon.PokemonApplication - Started PokemonApplication in 9.52 seconds (JVM running for 10.377)
944  [restartedMain] INFO  c.e.pokemon.PokemonApplication - Starting PokemonApplication on LAPTOP-N0BBULQP with PID 19080 (D:\dev\pokemon\target\classes started by mofol in D:\dev\pokemon)
955  [restartedMain] INFO  c.e.pokemon.PokemonApplication - No active profile set, falling back to default profiles: default
8532 [restartedMain] INFO  c.e.pokemon.PokemonApplication - Started PokemonApplication in 8.055 seconds (JVM running for 8.878)
25371 [restartedMain] INFO  c.e.pokemon.PokemonApplication - Starting PokemonApplication on LAPTOP-N0BBULQP with PID 19080 (D:\dev\pokemon\target\classes started by mofol in D:\dev\pokemon)
25372 [restartedMain] INFO  c.e.pokemon.PokemonApplication - No active profile set, falling back to default profiles: default
27378 [restartedMain] INFO  c.e.pokemon.PokemonApplication - Starting PokemonApplication on LAPTOP-N0BBULQP with PID 19080 (D:\dev\pokemon\target\classes started by mofol in D:\dev\pokemon)
27379 [restartedMain] INFO  c.e.pokemon.PokemonApplication - No active profile set, falling back to default profiles: default
32543 [restartedMain] INFO  c.e.pokemon.PokemonApplication - Started PokemonApplication in 5.306 seconds (JVM running for 32.889)
2198 [main] INFO  c.e.p.c.ApiDocumentationJUnit4IntegrationTest - Starting ApiDocumentationJUnit4IntegrationTest on LAPTOP-N0BBULQP with PID 14524 (started by mofol in D:\dev\pokemon)
2199 [main] INFO  c.e.p.c.ApiDocumentationJUnit4IntegrationTest - No active profile set, falling back to default profiles: default
9348 [main] INFO  c.e.p.c.ApiDocumentationJUnit4IntegrationTest - Started ApiDocumentationJUnit4IntegrationTest in 8.114 seconds (JVM running for 11.736)
1030 [restartedMain] INFO  c.e.pokemon.PokemonApplication - Starting PokemonApplication on LAPTOP-N0BBULQP with PID 10196 (D:\dev\pokemon\target\classes started by mofol in D:\dev\pokemon)
1041 [restartedMain] INFO  c.e.pokemon.PokemonApplication - No active profile set, falling back to default profiles: default
2878 [restartedMain] INFO  c.e.pokemon.PokemonApplication - Starting PokemonApplication on LAPTOP-N0BBULQP with PID 12476 (D:\dev\pokemon\target\classes started by mofol in D:\dev\pokemon)
2899 [restartedMain] INFO  c.e.pokemon.PokemonApplication - No active profile set, falling back to default profiles: default
19252 [restartedMain] INFO  c.e.pokemon.PokemonApplication - Started PokemonApplication in 17.714 seconds (JVM running for 20.418)
35224 [restartedMain] INFO  c.e.pokemon.PokemonApplication - Starting PokemonApplication on LAPTOP-N0BBULQP with PID 12476 (D:\dev\pokemon\target\classes started by mofol in D:\dev\pokemon)
35225 [restartedMain] INFO  c.e.pokemon.PokemonApplication - No active profile set, falling back to default profiles: default
3090 [main] INFO  c.e.p.c.ApiDocumentationJUnit4IntegrationTest - Starting ApiDocumentationJUnit4IntegrationTest on LAPTOP-N0BBULQP with PID 18088 (started by mofol in D:\dev\pokemon)
3092 [main] INFO  c.e.p.c.ApiDocumentationJUnit4IntegrationTest - No active profile set, falling back to default profiles: default
41579 [restartedMain] INFO  c.e.pokemon.PokemonApplication - Started PokemonApplication in 6.595 seconds (JVM running for 42.745)
14057 [main] INFO  c.e.p.c.ApiDocumentationJUnit4IntegrationTest - Started ApiDocumentationJUnit4IntegrationTest in 11.809 seconds (JVM running for 15.42)
138138 [Ehcache [_default_]-0] INFO  c.e.pokemon.config.CacheLogger - Key: wobbuffet | EventType: CREATED | Old value: null | New value: [com.example.pokemon.entities.Pokemon@13c33b6]
854  [main] INFO  c.e.p.c.ApiDocumentationJUnit5IntegrationTest - Starting ApiDocumentationJUnit5IntegrationTest on LAPTOP-N0BBULQP with PID 6304 (started by mofol in D:\dev\pokemon)
855  [main] INFO  c.e.p.c.ApiDocumentationJUnit5IntegrationTest - No active profile set, falling back to default profiles: default
8056 [main] INFO  c.e.p.c.ApiDocumentationJUnit5IntegrationTest - Started ApiDocumentationJUnit5IntegrationTest in 7.469 seconds (JVM running for 8.906)
1384 [restartedMain] INFO  c.e.pokemon.PokemonApplication - Starting PokemonApplication on LAPTOP-N0BBULQP with PID 17296 (D:\dev\pokemon\target\classes started by mofol in D:\dev\pokemon)
1403 [restartedMain] INFO  c.e.pokemon.PokemonApplication - No active profile set, falling back to default profiles: default
10681 [restartedMain] INFO  c.e.pokemon.PokemonApplication - Started PokemonApplication in 9.901 seconds (JVM running for 11.183)
30466 [Ehcache [_default_]-0] INFO  c.e.pokemon.config.CacheLogger - Key: wobbuffet | EventType: CREATED | Old value: null | New value: [com.example.pokemon.entities.Pokemon@b05b67a]
1366 [main] INFO  c.e.p.c.ApiDocumentationJUnit4IntegrationTest - Starting ApiDocumentationJUnit4IntegrationTest on LAPTOP-N0BBULQP with PID 14452 (started by mofol in D:\dev\pokemon)
1367 [main] INFO  c.e.p.c.ApiDocumentationJUnit4IntegrationTest - No active profile set, falling back to default profiles: default
7326 [main] INFO  c.e.p.c.ApiDocumentationJUnit4IntegrationTest - Started ApiDocumentationJUnit4IntegrationTest in 6.365 seconds (JVM running for 7.86)
1221 [restartedMain] INFO  c.e.pokemon.PokemonApplication - Starting PokemonApplication on LAPTOP-N0BBULQP with PID 17528 (D:\dev\pokemon\target\classes started by mofol in D:\dev\pokemon)
1236 [restartedMain] INFO  c.e.pokemon.PokemonApplication - No active profile set, falling back to default profiles: default
10035 [restartedMain] INFO  c.e.pokemon.PokemonApplication - Started PokemonApplication in 9.4 seconds (JVM running for 10.404)
919  [restartedMain] INFO  c.e.pokemon.PokemonApplication - Starting PokemonApplication on LAPTOP-N0BBULQP with PID 17384 (D:\dev\pokemon\target\classes started by mofol in D:\dev\pokemon)
931  [restartedMain] INFO  c.e.pokemon.PokemonApplication - No active profile set, falling back to default profiles: default
8613 [restartedMain] INFO  c.e.pokemon.PokemonApplication - Started PokemonApplication in 8.148 seconds (JVM running for 8.907)
1080 [restartedMain] INFO  c.e.pokemon.PokemonApplication - Starting PokemonApplication on LAPTOP-N0BBULQP with PID 7236 (D:\dev\pokemon\target\classes started by mofol in D:\dev\pokemon)
1093 [restartedMain] INFO  c.e.pokemon.PokemonApplication - No active profile set, falling back to default profiles: default
8972 [restartedMain] INFO  c.e.pokemon.PokemonApplication - Started PokemonApplication in 8.373 seconds (JVM running for 9.306)
938  [restartedMain] INFO  c.e.pokemon.PokemonApplication - Starting PokemonApplication on LAPTOP-N0BBULQP with PID 15108 (D:\dev\pokemon\target\classes started by mofol in D:\dev\pokemon)
948  [restartedMain] INFO  c.e.pokemon.PokemonApplication - No active profile set, falling back to default profiles: default
8558 [restartedMain] INFO  c.e.pokemon.PokemonApplication - Started PokemonApplication in 8.048 seconds (JVM running for 8.961)
1043 [main] INFO  c.e.p.c.ApiDocumentationJUnit4IntegrationTest - Starting ApiDocumentationJUnit4IntegrationTest on LAPTOP-N0BBULQP with PID 12160 (started by mofol in D:\dev\pokemon)
1045 [main] INFO  c.e.p.c.ApiDocumentationJUnit4IntegrationTest - No active profile set, falling back to default profiles: default
7482 [main] INFO  c.e.p.c.ApiDocumentationJUnit4IntegrationTest - Started ApiDocumentationJUnit4IntegrationTest in 6.773 seconds (JVM running for 7.886)
1095 [main] INFO  c.e.p.c.ApiDocumentationJUnit4IntegrationTest - Starting ApiDocumentationJUnit4IntegrationTest on LAPTOP-N0BBULQP with PID 2960 (started by mofol in D:\dev\pokemon)
1097 [main] INFO  c.e.p.c.ApiDocumentationJUnit4IntegrationTest - No active profile set, falling back to default profiles: default
7073 [main] INFO  c.e.p.c.ApiDocumentationJUnit4IntegrationTest - Started ApiDocumentationJUnit4IntegrationTest in 6.359 seconds (JVM running for 7.505)
877  [restartedMain] INFO  c.e.pokemon.PokemonApplication - Starting PokemonApplication on LAPTOP-N0BBULQP with PID 2956 (D:\dev\pokemon\target\classes started by mofol in D:\dev\pokemon)
887  [restartedMain] INFO  c.e.pokemon.PokemonApplication - No active profile set, falling back to default profiles: default
8682 [restartedMain] INFO  c.e.pokemon.PokemonApplication - Started PokemonApplication in 8.226 seconds (JVM running for 9.047)
1120 [main] INFO  c.e.p.c.ApiDocumentationJUnit4IntegrationTest - Starting ApiDocumentationJUnit4IntegrationTest on LAPTOP-N0BBULQP with PID 17976 (started by mofol in D:\dev\pokemon)
1121 [main] INFO  c.e.p.c.ApiDocumentationJUnit4IntegrationTest - No active profile set, falling back to default profiles: default
7031 [main] INFO  c.e.p.c.ApiDocumentationJUnit4IntegrationTest - Started ApiDocumentationJUnit4IntegrationTest in 6.304 seconds (JVM running for 7.425)
1245783 [restartedMain] INFO  c.e.pokemon.PokemonApplication - Starting PokemonApplication on LAPTOP-N0BBULQP with PID 2956 (D:\dev\pokemon\target\classes started by mofol in D:\dev\pokemon)
1245784 [restartedMain] INFO  c.e.pokemon.PokemonApplication - No active profile set, falling back to default profiles: default
1249242 [restartedMain] INFO  c.e.pokemon.PokemonApplication - Started PokemonApplication in 3.517 seconds (JVM running for 1249.607)
923  [restartedMain] INFO  c.e.pokemon.PokemonApplication - Starting PokemonApplication on LAPTOP-N0BBULQP with PID 9224 (D:\dev\pokemon\target\classes started by mofol in D:\dev\pokemon)
933  [restartedMain] INFO  c.e.pokemon.PokemonApplication - No active profile set, falling back to default profiles: default
9603 [restartedMain] INFO  c.e.pokemon.PokemonApplication - Started PokemonApplication in 9.13 seconds (JVM running for 9.908)
1095 [main] INFO  c.e.p.c.ApiDocumentationJUnit4IntegrationTest - Starting ApiDocumentationJUnit4IntegrationTest on LAPTOP-N0BBULQP with PID 7892 (started by mofol in D:\dev\pokemon)
1096 [main] INFO  c.e.p.c.ApiDocumentationJUnit4IntegrationTest - No active profile set, falling back to default profiles: default
7117 [main] INFO  c.e.p.c.ApiDocumentationJUnit4IntegrationTest - Started ApiDocumentationJUnit4IntegrationTest in 6.39 seconds (JVM running for 7.517)
981  [restartedMain] INFO  c.e.pokemon.PokemonApplication - Starting PokemonApplication on LAPTOP-N0BBULQP with PID 7432 (D:\dev\pokemon\target\classes started by mofol in D:\dev\pokemon)
991  [restartedMain] INFO  c.e.pokemon.PokemonApplication - No active profile set, falling back to default profiles: default
8661 [restartedMain] INFO  c.e.pokemon.PokemonApplication - Started PokemonApplication in 8.15 seconds (JVM running for 8.967)
1116 [main] INFO  c.e.p.c.ApiDocumentationJUnit4IntegrationTest - Starting ApiDocumentationJUnit4IntegrationTest on LAPTOP-N0BBULQP with PID 18396 (started by mofol in D:\dev\pokemon)
1117 [main] INFO  c.e.p.c.ApiDocumentationJUnit4IntegrationTest - No active profile set, falling back to default profiles: default
7030 [main] INFO  c.e.p.c.ApiDocumentationJUnit4IntegrationTest - Started ApiDocumentationJUnit4IntegrationTest in 6.278 seconds (JVM running for 7.476)
936  [restartedMain] INFO  c.e.pokemon.PokemonApplication - Starting PokemonApplication on LAPTOP-N0BBULQP with PID 14924 (D:\dev\pokemon\target\classes started by mofol in D:\dev\pokemon)
945  [restartedMain] INFO  c.e.pokemon.PokemonApplication - No active profile set, falling back to default profiles: default
8548 [restartedMain] INFO  c.e.pokemon.PokemonApplication - Started PokemonApplication in 8.05 seconds (JVM running for 8.875)
1039 [main] INFO  c.e.p.c.ApiDocumentationJUnit4IntegrationTest - Starting ApiDocumentationJUnit4IntegrationTest on LAPTOP-N0BBULQP with PID 12464 (started by mofol in D:\dev\pokemon)
1040 [main] INFO  c.e.p.c.ApiDocumentationJUnit4IntegrationTest - No active profile set, falling back to default profiles: default
7489 [main] INFO  c.e.p.c.ApiDocumentationJUnit4IntegrationTest - Started ApiDocumentationJUnit4IntegrationTest in 6.792 seconds (JVM running for 7.894)
1160 [restartedMain] INFO  c.e.pokemon.PokemonApplication - Starting PokemonApplication on LAPTOP-N0BBULQP with PID 460 (D:\dev\pokemon\target\classes started by mofol in D:\dev\pokemon)
1171 [restartedMain] INFO  c.e.pokemon.PokemonApplication - No active profile set, falling back to default profiles: default
10669 [restartedMain] INFO  c.e.pokemon.PokemonApplication - Started PokemonApplication in 10.034 seconds (JVM running for 11.002)
1122 [main] INFO  c.e.p.c.ApiDocumentationJUnit4IntegrationTest - Starting ApiDocumentationJUnit4IntegrationTest on LAPTOP-N0BBULQP with PID 14520 (started by mofol in D:\dev\pokemon)
1123 [main] INFO  c.e.p.c.ApiDocumentationJUnit4IntegrationTest - No active profile set, falling back to default profiles: default
8042 [main] INFO  c.e.p.c.ApiDocumentationJUnit4IntegrationTest - Started ApiDocumentationJUnit4IntegrationTest in 7.286 seconds (JVM running for 8.459)
933  [restartedMain] INFO  c.e.pokemon.PokemonApplication - Starting PokemonApplication on LAPTOP-N0BBULQP with PID 16080 (D:\dev\pokemon\target\classes started by mofol in D:\dev\pokemon)
943  [restartedMain] INFO  c.e.pokemon.PokemonApplication - No active profile set, falling back to default profiles: default
10302 [restartedMain] INFO  c.e.pokemon.PokemonApplication - Started PokemonApplication in 9.851 seconds (JVM running for 10.612)
1171 [restartedMain] INFO  c.e.pokemon.PokemonApplication - Starting PokemonApplication on LAPTOP-N0BBULQP with PID 10320 (D:\dev\pokemon\target\classes started by mofol in D:\dev\pokemon)
1182 [restartedMain] INFO  c.e.pokemon.PokemonApplication - No active profile set, falling back to default profiles: default
9152 [restartedMain] INFO  c.e.pokemon.PokemonApplication - Started PokemonApplication in 8.518 seconds (JVM running for 9.456)
1067 [main] INFO  c.e.p.c.ApiDocumentationJUnit4IntegrationTest - Starting ApiDocumentationJUnit4IntegrationTest on LAPTOP-N0BBULQP with PID 7916 (started by mofol in D:\dev\pokemon)
1068 [main] INFO  c.e.p.c.ApiDocumentationJUnit4IntegrationTest - No active profile set, falling back to default profiles: default
6936 [main] INFO  c.e.p.c.ApiDocumentationJUnit4IntegrationTest - Started ApiDocumentationJUnit4IntegrationTest in 6.225 seconds (JVM running for 7.329)
958  [restartedMain] INFO  c.e.pokemon.PokemonApplication - Starting PokemonApplication on LAPTOP-N0BBULQP with PID 6428 (D:\dev\pokemon\target\classes started by mofol in D:\dev\pokemon)
969  [restartedMain] INFO  c.e.pokemon.PokemonApplication - No active profile set, falling back to default profiles: default
8728 [restartedMain] INFO  c.e.pokemon.PokemonApplication - Started PokemonApplication in 8.232 seconds (JVM running for 9.052)
1114 [restartedMain] INFO  c.e.pokemon.PokemonApplication - Starting PokemonApplication on LAPTOP-N0BBULQP with PID 14440 (D:\dev\pokemon\target\classes started by mofol in D:\dev\pokemon)
1126 [restartedMain] INFO  c.e.pokemon.PokemonApplication - No active profile set, falling back to default profiles: default
9449 [restartedMain] INFO  c.e.pokemon.PokemonApplication - Started PokemonApplication in 8.904 seconds (JVM running for 9.806)
